{
  "E:\\idea-factory\\src\\models\\contracts\\index.js": {
    "path": "E:\\idea-factory\\src\\models\\contracts\\index.js",
    "statementMap": {
      "0": {
        "start": {
          "line": 3,
          "column": 30
        },
        "end": {
          "line": 3,
          "column": 44
        }
      },
      "1": {
        "start": {
          "line": 5,
          "column": 26
        },
        "end": {
          "line": 5,
          "column": 41
        }
      }
    },
    "fnMap": {},
    "branchMap": {},
    "s": {
      "0": 3,
      "1": 3
    },
    "f": {},
    "b": {},
    "_coverageSchema": "1a1c01bbd47fc00a2c39e90264f33305004495a9",
    "hash": "ea0c403d73ecbae039c4f5a0be14a219ca75e174"
  },
  "E:\\idea-factory\\src\\models\\events\\index.js": {
    "path": "E:\\idea-factory\\src\\models\\events\\index.js",
    "statementMap": {
      "0": {
        "start": {
          "line": 4,
          "column": 36
        },
        "end": {
          "line": 4,
          "column": 50
        }
      },
      "1": {
        "start": {
          "line": 6,
          "column": 23
        },
        "end": {
          "line": 6,
          "column": 40
        }
      }
    },
    "fnMap": {},
    "branchMap": {},
    "s": {
      "0": 3,
      "1": 3
    },
    "f": {},
    "b": {},
    "_coverageSchema": "1a1c01bbd47fc00a2c39e90264f33305004495a9",
    "hash": "1114f11968647844f4b8de047548c4a82c5909b4"
  },
  "E:\\idea-factory\\src\\models\\contracts\\init.js": {
    "path": "E:\\idea-factory\\src\\models\\contracts\\init.js",
    "statementMap": {
      "0": {
        "start": {
          "line": 6,
          "column": 0
        },
        "end": {
          "line": 36,
          "column": 3
        }
      },
      "1": {
        "start": {
          "line": 8,
          "column": 4
        },
        "end": {
          "line": 8,
          "column": 43
        }
      },
      "2": {
        "start": {
          "line": 9,
          "column": 4
        },
        "end": {
          "line": 35,
          "column": 5
        }
      },
      "3": {
        "start": {
          "line": 10,
          "column": 8
        },
        "end": {
          "line": 34,
          "column": 9
        }
      },
      "4": {
        "start": {
          "line": 13,
          "column": 27
        },
        "end": {
          "line": 13,
          "column": 56
        }
      },
      "5": {
        "start": {
          "line": 14,
          "column": 10
        },
        "end": {
          "line": 19,
          "column": 11
        }
      },
      "6": {
        "start": {
          "line": 15,
          "column": 12
        },
        "end": {
          "line": 15,
          "column": 42
        }
      },
      "7": {
        "start": {
          "line": 18,
          "column": 12
        },
        "end": {
          "line": 18,
          "column": 30
        }
      },
      "8": {
        "start": {
          "line": 20,
          "column": 27
        },
        "end": {
          "line": 20,
          "column": 67
        }
      },
      "9": {
        "start": {
          "line": 26,
          "column": 10
        },
        "end": {
          "line": 31,
          "column": 11
        }
      },
      "10": {
        "start": {
          "line": 33,
          "column": 10
        },
        "end": {
          "line": 33,
          "column": 112
        }
      },
      "11": {
        "start": {
          "line": 37,
          "column": 14
        },
        "end": {
          "line": 39,
          "column": 2
        }
      },
      "12": {
        "start": {
          "line": 38,
          "column": 2
        },
        "end": {
          "line": 38,
          "column": 53
        }
      },
      "13": {
        "start": {
          "line": 40,
          "column": 0
        },
        "end": {
          "line": 42,
          "column": 2
        }
      },
      "14": {
        "start": {
          "line": 41,
          "column": 2
        },
        "end": {
          "line": 41,
          "column": 44
        }
      },
      "15": {
        "start": {
          "line": 43,
          "column": 0
        },
        "end": {
          "line": 49,
          "column": 2
        }
      },
      "16": {
        "start": {
          "line": 45,
          "column": 24
        },
        "end": {
          "line": 48,
          "column": 5
        }
      },
      "17": {
        "start": {
          "line": 51,
          "column": 0
        },
        "end": {
          "line": 57,
          "column": 3
        }
      },
      "18": {
        "start": {
          "line": 52,
          "column": 49
        },
        "end": {
          "line": 55,
          "column": 3
        }
      }
    },
    "fnMap": {
      "0": {
        "name": "(anonymous_0)",
        "decl": {
          "start": {
            "line": 6,
            "column": 19
          },
          "end": {
            "line": 6,
            "column": 20
          }
        },
        "loc": {
          "start": {
            "line": 6,
            "column": 61
          },
          "end": {
            "line": 36,
            "column": 1
          }
        },
        "line": 6
      },
      "1": {
        "name": "(anonymous_1)",
        "decl": {
          "start": {
            "line": 37,
            "column": 35
          },
          "end": {
            "line": 37,
            "column": 36
          }
        },
        "loc": {
          "start": {
            "line": 37,
            "column": 46
          },
          "end": {
            "line": 39,
            "column": 1
          }
        },
        "line": 37
      },
      "2": {
        "name": "(anonymous_2)",
        "decl": {
          "start": {
            "line": 40,
            "column": 30
          },
          "end": {
            "line": 40,
            "column": 31
          }
        },
        "loc": {
          "start": {
            "line": 40,
            "column": 41
          },
          "end": {
            "line": 42,
            "column": 1
          }
        },
        "line": 40
      },
      "3": {
        "name": "(anonymous_3)",
        "decl": {
          "start": {
            "line": 45,
            "column": 4
          },
          "end": {
            "line": 45,
            "column": 5
          }
        },
        "loc": {
          "start": {
            "line": 45,
            "column": 24
          },
          "end": {
            "line": 48,
            "column": 5
          }
        },
        "line": 45
      },
      "4": {
        "name": "(anonymous_4)",
        "decl": {
          "start": {
            "line": 52,
            "column": 36
          },
          "end": {
            "line": 52,
            "column": 37
          }
        },
        "loc": {
          "start": {
            "line": 52,
            "column": 49
          },
          "end": {
            "line": 55,
            "column": 3
          }
        },
        "line": 52
      }
    },
    "branchMap": {
      "0": {
        "loc": {
          "start": {
            "line": 9,
            "column": 4
          },
          "end": {
            "line": 35,
            "column": 5
          }
        },
        "type": "if",
        "locations": [
          {
            "start": {
              "line": 9,
              "column": 4
            },
            "end": {
              "line": 35,
              "column": 5
            }
          },
          {
            "start": {
              "line": 9,
              "column": 4
            },
            "end": {
              "line": 35,
              "column": 5
            }
          }
        ],
        "line": 9
      },
      "1": {
        "loc": {
          "start": {
            "line": 9,
            "column": 8
          },
          "end": {
            "line": 9,
            "column": 57
          }
        },
        "type": "binary-expr",
        "locations": [
          {
            "start": {
              "line": 9,
              "column": 8
            },
            "end": {
              "line": 9,
              "column": 39
            }
          },
          {
            "start": {
              "line": 9,
              "column": 43
            },
            "end": {
              "line": 9,
              "column": 50
            }
          },
          {
            "start": {
              "line": 9,
              "column": 54
            },
            "end": {
              "line": 9,
              "column": 57
            }
          }
        ],
        "line": 9
      },
      "2": {
        "loc": {
          "start": {
            "line": 14,
            "column": 10
          },
          "end": {
            "line": 19,
            "column": 11
          }
        },
        "type": "if",
        "locations": [
          {
            "start": {
              "line": 14,
              "column": 10
            },
            "end": {
              "line": 19,
              "column": 11
            }
          },
          {
            "start": {
              "line": 14,
              "column": 10
            },
            "end": {
              "line": 19,
              "column": 11
            }
          }
        ],
        "line": 14
      },
      "3": {
        "loc": {
          "start": {
            "line": 14,
            "column": 14
          },
          "end": {
            "line": 14,
            "column": 45
          }
        },
        "type": "binary-expr",
        "locations": [
          {
            "start": {
              "line": 14,
              "column": 14
            },
            "end": {
              "line": 14,
              "column": 22
            }
          },
          {
            "start": {
              "line": 14,
              "column": 26
            },
            "end": {
              "line": 14,
              "column": 45
            }
          }
        ],
        "line": 14
      }
    },
    "s": {
      "0": 3,
      "1": 6,
      "2": 6,
      "3": 6,
      "4": 6,
      "5": 5,
      "6": 0,
      "7": 5,
      "8": 5,
      "9": 5,
      "10": 0,
      "11": 3,
      "12": 6,
      "13": 3,
      "14": 5,
      "15": 3,
      "16": 5,
      "17": 3,
      "18": 5
    },
    "f": {
      "0": 6,
      "1": 6,
      "2": 5,
      "3": 5,
      "4": 5
    },
    "b": {
      "0": [
        6,
        0
      ],
      "1": [
        6,
        6,
        6
      ],
      "2": [
        0,
        5
      ],
      "3": [
        5,
        5
      ]
    },
    "_coverageSchema": "1a1c01bbd47fc00a2c39e90264f33305004495a9",
    "hash": "b49c55a1880fd76e51ea02932870d62791238f74"
  },
  "E:\\idea-factory\\src\\models\\eth-hooks\\index.js": {
    "path": "E:\\idea-factory\\src\\models\\eth-hooks\\index.js",
    "statementMap": {
      "0": {
        "start": {
          "line": 4,
          "column": 29
        },
        "end": {
          "line": 4,
          "column": 43
        }
      },
      "1": {
        "start": {
          "line": 6,
          "column": 29
        },
        "end": {
          "line": 6,
          "column": 43
        }
      },
      "2": {
        "start": {
          "line": 8,
          "column": 28
        },
        "end": {
          "line": 8,
          "column": 42
        }
      },
      "3": {
        "start": {
          "line": 10,
          "column": 25
        },
        "end": {
          "line": 10,
          "column": 42
        }
      },
      "4": {
        "start": {
          "line": 12,
          "column": 25
        },
        "end": {
          "line": 12,
          "column": 42
        }
      },
      "5": {
        "start": {
          "line": 14,
          "column": 24
        },
        "end": {
          "line": 14,
          "column": 41
        }
      }
    },
    "fnMap": {},
    "branchMap": {},
    "s": {
      "0": 3,
      "1": 3,
      "2": 3,
      "3": 3,
      "4": 3,
      "5": 3
    },
    "f": {},
    "b": {},
    "_coverageSchema": "1a1c01bbd47fc00a2c39e90264f33305004495a9",
    "hash": "3fc54b668bd94fb5768076686dbe9f3b4d18164c"
  },
  "E:\\idea-factory\\src\\constants.js": {
    "path": "E:\\idea-factory\\src\\constants.js",
    "statementMap": {
      "0": {
        "start": {
          "line": 3,
          "column": 25
        },
        "end": {
          "line": 3,
          "column": 59
        }
      },
      "1": {
        "start": {
          "line": 6,
          "column": 29
        },
        "end": {
          "line": 6,
          "column": 65
        }
      },
      "2": {
        "start": {
          "line": 12,
          "column": 24
        },
        "end": {
          "line": 33,
          "column": 21499
        }
      },
      "3": {
        "start": {
          "line": 34,
          "column": 27
        },
        "end": {
          "line": 34,
          "column": 71
        }
      },
      "4": {
        "start": {
          "line": 35,
          "column": 25
        },
        "end": {
          "line": 35,
          "column": 7045
        }
      },
      "5": {
        "start": {
          "line": 36,
          "column": 23
        },
        "end": {
          "line": 36,
          "column": 6412
        }
      },
      "6": {
        "start": {
          "line": 38,
          "column": 27
        },
        "end": {
          "line": 552,
          "column": 1
        }
      },
      "7": {
        "start": {
          "line": 553,
          "column": 24
        },
        "end": {
          "line": 1254,
          "column": 1
        }
      }
    },
    "fnMap": {},
    "branchMap": {},
    "s": {
      "0": 3,
      "1": 3,
      "2": 3,
      "3": 3,
      "4": 3,
      "5": 3,
      "6": 3,
      "7": 3
    },
    "f": {},
    "b": {},
    "_coverageSchema": "1a1c01bbd47fc00a2c39e90264f33305004495a9",
    "hash": "61e85c284d122c84ab680c35153a6887b5b1f19f"
  },
  "E:\\idea-factory\\src\\models\\eth-hooks\\init.js": {
    "path": "E:\\idea-factory\\src\\models\\eth-hooks\\init.js",
    "statementMap": {
      "0": {
        "start": {
          "line": 23,
          "column": 0
        },
        "end": {
          "line": 28,
          "column": 3
        }
      },
      "1": {
        "start": {
          "line": 24,
          "column": 22
        },
        "end": {
          "line": 25,
          "column": 38
        }
      },
      "2": {
        "start": {
          "line": 25,
          "column": 22
        },
        "end": {
          "line": 25,
          "column": 37
        }
      },
      "3": {
        "start": {
          "line": 27,
          "column": 4
        },
        "end": {
          "line": 27,
          "column": 21
        }
      },
      "4": {
        "start": {
          "line": 31,
          "column": 0
        },
        "end": {
          "line": 31,
          "column": 69
        }
      },
      "5": {
        "start": {
          "line": 31,
          "column": 48
        },
        "end": {
          "line": 31,
          "column": 66
        }
      },
      "6": {
        "start": {
          "line": 34,
          "column": 0
        },
        "end": {
          "line": 36,
          "column": 3
        }
      },
      "7": {
        "start": {
          "line": 35,
          "column": 4
        },
        "end": {
          "line": 35,
          "column": 96
        }
      },
      "8": {
        "start": {
          "line": 37,
          "column": 0
        },
        "end": {
          "line": 40,
          "column": 2
        }
      },
      "9": {
        "start": {
          "line": 39,
          "column": 20
        },
        "end": {
          "line": 39,
          "column": 27
        }
      },
      "10": {
        "start": {
          "line": 41,
          "column": 0
        },
        "end": {
          "line": 47,
          "column": 2
        }
      },
      "11": {
        "start": {
          "line": 43,
          "column": 25
        },
        "end": {
          "line": 46,
          "column": 5
        }
      },
      "12": {
        "start": {
          "line": 48,
          "column": 0
        },
        "end": {
          "line": 51,
          "column": 2
        }
      },
      "13": {
        "start": {
          "line": 50,
          "column": 20
        },
        "end": {
          "line": 50,
          "column": 27
        }
      },
      "14": {
        "start": {
          "line": 53,
          "column": 0
        },
        "end": {
          "line": 61,
          "column": 2
        }
      },
      "15": {
        "start": {
          "line": 54,
          "column": 47
        },
        "end": {
          "line": 59,
          "column": 2
        }
      },
      "16": {
        "start": {
          "line": 63,
          "column": 0
        },
        "end": {
          "line": 71,
          "column": 2
        }
      },
      "17": {
        "start": {
          "line": 64,
          "column": 50
        },
        "end": {
          "line": 69,
          "column": 5
        }
      },
      "18": {
        "start": {
          "line": 74,
          "column": 26
        },
        "end": {
          "line": 78,
          "column": 2
        }
      }
    },
    "fnMap": {
      "0": {
        "name": "(anonymous_0)",
        "decl": {
          "start": {
            "line": 23,
            "column": 18
          },
          "end": {
            "line": 23,
            "column": 19
          }
        },
        "loc": {
          "start": {
            "line": 23,
            "column": 30
          },
          "end": {
            "line": 28,
            "column": 1
          }
        },
        "line": 23
      },
      "1": {
        "name": "(anonymous_1)",
        "decl": {
          "start": {
            "line": 25,
            "column": 10
          },
          "end": {
            "line": 25,
            "column": 11
          }
        },
        "loc": {
          "start": {
            "line": 25,
            "column": 22
          },
          "end": {
            "line": 25,
            "column": 37
          }
        },
        "line": 25
      },
      "2": {
        "name": "(anonymous_2)",
        "decl": {
          "start": {
            "line": 31,
            "column": 17
          },
          "end": {
            "line": 31,
            "column": 18
          }
        },
        "loc": {
          "start": {
            "line": 31,
            "column": 48
          },
          "end": {
            "line": 31,
            "column": 66
          }
        },
        "line": 31
      },
      "3": {
        "name": "(anonymous_3)",
        "decl": {
          "start": {
            "line": 34,
            "column": 18
          },
          "end": {
            "line": 34,
            "column": 19
          }
        },
        "loc": {
          "start": {
            "line": 34,
            "column": 30
          },
          "end": {
            "line": 36,
            "column": 1
          }
        },
        "line": 34
      },
      "4": {
        "name": "(anonymous_4)",
        "decl": {
          "start": {
            "line": 39,
            "column": 4
          },
          "end": {
            "line": 39,
            "column": 5
          }
        },
        "loc": {
          "start": {
            "line": 39,
            "column": 20
          },
          "end": {
            "line": 39,
            "column": 27
          }
        },
        "line": 39
      },
      "5": {
        "name": "(anonymous_5)",
        "decl": {
          "start": {
            "line": 43,
            "column": 4
          },
          "end": {
            "line": 43,
            "column": 5
          }
        },
        "loc": {
          "start": {
            "line": 43,
            "column": 25
          },
          "end": {
            "line": 46,
            "column": 5
          }
        },
        "line": 43
      },
      "6": {
        "name": "(anonymous_6)",
        "decl": {
          "start": {
            "line": 50,
            "column": 4
          },
          "end": {
            "line": 50,
            "column": 5
          }
        },
        "loc": {
          "start": {
            "line": 50,
            "column": 20
          },
          "end": {
            "line": 50,
            "column": 27
          }
        },
        "line": 50
      },
      "7": {
        "name": "(anonymous_7)",
        "decl": {
          "start": {
            "line": 54,
            "column": 34
          },
          "end": {
            "line": 54,
            "column": 35
          }
        },
        "loc": {
          "start": {
            "line": 54,
            "column": 47
          },
          "end": {
            "line": 59,
            "column": 2
          }
        },
        "line": 54
      },
      "8": {
        "name": "(anonymous_8)",
        "decl": {
          "start": {
            "line": 64,
            "column": 37
          },
          "end": {
            "line": 64,
            "column": 38
          }
        },
        "loc": {
          "start": {
            "line": 64,
            "column": 50
          },
          "end": {
            "line": 69,
            "column": 5
          }
        },
        "line": 64
      }
    },
    "branchMap": {},
    "s": {
      "0": 3,
      "1": 3,
      "2": 3,
      "3": 3,
      "4": 3,
      "5": 3,
      "6": 3,
      "7": 3,
      "8": 3,
      "9": 3,
      "10": 3,
      "11": 3,
      "12": 3,
      "13": 3,
      "14": 3,
      "15": 3,
      "16": 3,
      "17": 3,
      "18": 3
    },
    "f": {
      "0": 3,
      "1": 3,
      "2": 3,
      "3": 3,
      "4": 3,
      "5": 3,
      "6": 3,
      "7": 3,
      "8": 3
    },
    "b": {},
    "_coverageSchema": "1a1c01bbd47fc00a2c39e90264f33305004495a9",
    "hash": "e3c4ca7648ddd916c61305352f80f39de6d7fa38"
  },
  "E:\\idea-factory\\src\\models\\events\\init.js": {
    "path": "E:\\idea-factory\\src\\models\\events\\init.js",
    "statementMap": {
      "0": {
        "start": {
          "line": 16,
          "column": 0
        },
        "end": {
          "line": 20,
          "column": 3
        }
      },
      "1": {
        "start": {
          "line": 17,
          "column": 4
        },
        "end": {
          "line": 19,
          "column": 5
        }
      },
      "2": {
        "start": {
          "line": 23,
          "column": 0
        },
        "end": {
          "line": 25,
          "column": 4
        }
      },
      "3": {
        "start": {
          "line": 24,
          "column": 4
        },
        "end": {
          "line": 24,
          "column": 44
        }
      },
      "4": {
        "start": {
          "line": 27,
          "column": 2
        },
        "end": {
          "line": 29,
          "column": 4
        }
      },
      "5": {
        "start": {
          "line": 28,
          "column": 4
        },
        "end": {
          "line": 28,
          "column": 63
        }
      }
    },
    "fnMap": {
      "0": {
        "name": "(anonymous_0)",
        "decl": {
          "start": {
            "line": 16,
            "column": 25
          },
          "end": {
            "line": 16,
            "column": 26
          }
        },
        "loc": {
          "start": {
            "line": 16,
            "column": 39
          },
          "end": {
            "line": 20,
            "column": 1
          }
        },
        "line": 16
      },
      "1": {
        "name": "(anonymous_1)",
        "decl": {
          "start": {
            "line": 23,
            "column": 32
          },
          "end": {
            "line": 23,
            "column": 33
          }
        },
        "loc": {
          "start": {
            "line": 23,
            "column": 43
          },
          "end": {
            "line": 25,
            "column": 3
          }
        },
        "line": 23
      },
      "2": {
        "name": "(anonymous_2)",
        "decl": {
          "start": {
            "line": 27,
            "column": 34
          },
          "end": {
            "line": 27,
            "column": 35
          }
        },
        "loc": {
          "start": {
            "line": 27,
            "column": 55
          },
          "end": {
            "line": 29,
            "column": 3
          }
        },
        "line": 27
      }
    },
    "branchMap": {},
    "s": {
      "0": 3,
      "1": 5,
      "2": 3,
      "3": 5,
      "4": 3,
      "5": 0
    },
    "f": {
      "0": 5,
      "1": 5,
      "2": 0
    },
    "b": {},
    "_coverageSchema": "1a1c01bbd47fc00a2c39e90264f33305004495a9",
    "hash": "41e577a6fdf474aa8e0319a51442d23e55d98927"
  },
  "E:\\idea-factory\\src\\models\\init.js": {
    "path": "E:\\idea-factory\\src\\models\\init.js",
    "statementMap": {},
    "fnMap": {},
    "branchMap": {},
    "s": {},
    "f": {},
    "b": {},
    "_coverageSchema": "1a1c01bbd47fc00a2c39e90264f33305004495a9",
    "hash": "8fa17a869175161e5649dac0d5231c7f474ddbc4"
  },
  "E:\\idea-factory\\src\\hooks\\ContractLoader.js": {
    "path": "E:\\idea-factory\\src\\hooks\\ContractLoader.js",
    "statementMap": {
      "0": {
        "start": {
          "line": 6,
          "column": 21
        },
        "end": {
          "line": 18,
          "column": 1
        }
      },
      "1": {
        "start": {
          "line": 7,
          "column": 22
        },
        "end": {
          "line": 11,
          "column": 3
        }
      },
      "2": {
        "start": {
          "line": 12,
          "column": 2
        },
        "end": {
          "line": 16,
          "column": 3
        }
      },
      "3": {
        "start": {
          "line": 13,
          "column": 4
        },
        "end": {
          "line": 13,
          "column": 79
        }
      },
      "4": {
        "start": {
          "line": 15,
          "column": 4
        },
        "end": {
          "line": 15,
          "column": 19
        }
      },
      "5": {
        "start": {
          "line": 17,
          "column": 2
        },
        "end": {
          "line": 17,
          "column": 21
        }
      },
      "6": {
        "start": {
          "line": 21,
          "column": 36
        },
        "end": {
          "line": 21,
          "column": 46
        }
      },
      "7": {
        "start": {
          "line": 22,
          "column": 2
        },
        "end": {
          "line": 54,
          "column": 25
        }
      },
      "8": {
        "start": {
          "line": 24,
          "column": 6
        },
        "end": {
          "line": 24,
          "column": 36
        }
      },
      "9": {
        "start": {
          "line": 25,
          "column": 6
        },
        "end": {
          "line": 51,
          "column": 7
        }
      },
      "10": {
        "start": {
          "line": 26,
          "column": 8
        },
        "end": {
          "line": 50,
          "column": 9
        }
      },
      "11": {
        "start": {
          "line": 30,
          "column": 10
        },
        "end": {
          "line": 32,
          "column": 11
        }
      },
      "12": {
        "start": {
          "line": 31,
          "column": 12
        },
        "end": {
          "line": 31,
          "column": 61
        }
      },
      "13": {
        "start": {
          "line": 34,
          "column": 10
        },
        "end": {
          "line": 38,
          "column": 11
        }
      },
      "14": {
        "start": {
          "line": 35,
          "column": 12
        },
        "end": {
          "line": 35,
          "column": 50
        }
      },
      "15": {
        "start": {
          "line": 37,
          "column": 12
        },
        "end": {
          "line": 37,
          "column": 38
        }
      },
      "16": {
        "start": {
          "line": 40,
          "column": 31
        },
        "end": {
          "line": 40,
          "column": 67
        }
      },
      "17": {
        "start": {
          "line": 42,
          "column": 31
        },
        "end": {
          "line": 45,
          "column": 16
        }
      },
      "18": {
        "start": {
          "line": 43,
          "column": 12
        },
        "end": {
          "line": 43,
          "column": 75
        }
      },
      "19": {
        "start": {
          "line": 44,
          "column": 12
        },
        "end": {
          "line": 44,
          "column": 31
        }
      },
      "20": {
        "start": {
          "line": 46,
          "column": 10
        },
        "end": {
          "line": 46,
          "column": 57
        }
      },
      "21": {
        "start": {
          "line": 47,
          "column": 10
        },
        "end": {
          "line": 47,
          "column": 37
        }
      },
      "22": {
        "start": {
          "line": 49,
          "column": 10
        },
        "end": {
          "line": 49,
          "column": 54
        }
      },
      "23": {
        "start": {
          "line": 53,
          "column": 4
        },
        "end": {
          "line": 53,
          "column": 20
        }
      },
      "24": {
        "start": {
          "line": 55,
          "column": 2
        },
        "end": {
          "line": 55,
          "column": 19
        }
      }
    },
    "fnMap": {
      "0": {
        "name": "(anonymous_0)",
        "decl": {
          "start": {
            "line": 6,
            "column": 21
          },
          "end": {
            "line": 6,
            "column": 22
          }
        },
        "loc": {
          "start": {
            "line": 6,
            "column": 53
          },
          "end": {
            "line": 18,
            "column": 1
          }
        },
        "line": 6
      },
      "1": {
        "name": "useContractLoader",
        "decl": {
          "start": {
            "line": 20,
            "column": 24
          },
          "end": {
            "line": 20,
            "column": 41
          }
        },
        "loc": {
          "start": {
            "line": 20,
            "column": 60
          },
          "end": {
            "line": 56,
            "column": 1
          }
        },
        "line": 20
      },
      "2": {
        "name": "(anonymous_2)",
        "decl": {
          "start": {
            "line": 22,
            "column": 12
          },
          "end": {
            "line": 22,
            "column": 13
          }
        },
        "loc": {
          "start": {
            "line": 22,
            "column": 18
          },
          "end": {
            "line": 54,
            "column": 3
          }
        },
        "line": 22
      },
      "3": {
        "name": "loadContracts",
        "decl": {
          "start": {
            "line": 23,
            "column": 19
          },
          "end": {
            "line": 23,
            "column": 32
          }
        },
        "loc": {
          "start": {
            "line": 23,
            "column": 35
          },
          "end": {
            "line": 52,
            "column": 5
          }
        },
        "line": 23
      },
      "4": {
        "name": "(anonymous_4)",
        "decl": {
          "start": {
            "line": 42,
            "column": 57
          },
          "end": {
            "line": 42,
            "column": 58
          }
        },
        "loc": {
          "start": {
            "line": 42,
            "column": 88
          },
          "end": {
            "line": 45,
            "column": 11
          }
        },
        "line": 42
      }
    },
    "branchMap": {
      "0": {
        "loc": {
          "start": {
            "line": 25,
            "column": 6
          },
          "end": {
            "line": 51,
            "column": 7
          }
        },
        "type": "if",
        "locations": [
          {
            "start": {
              "line": 25,
              "column": 6
            },
            "end": {
              "line": 51,
              "column": 7
            }
          },
          {
            "start": {
              "line": 25,
              "column": 6
            },
            "end": {
              "line": 51,
              "column": 7
            }
          }
        ],
        "line": 25
      },
      "1": {
        "loc": {
          "start": {
            "line": 30,
            "column": 10
          },
          "end": {
            "line": 32,
            "column": 11
          }
        },
        "type": "if",
        "locations": [
          {
            "start": {
              "line": 30,
              "column": 10
            },
            "end": {
              "line": 32,
              "column": 11
            }
          },
          {
            "start": {
              "line": 30,
              "column": 10
            },
            "end": {
              "line": 32,
              "column": 11
            }
          }
        ],
        "line": 30
      },
      "2": {
        "loc": {
          "start": {
            "line": 30,
            "column": 14
          },
          "end": {
            "line": 30,
            "column": 85
          }
        },
        "type": "binary-expr",
        "locations": [
          {
            "start": {
              "line": 30,
              "column": 14
            },
            "end": {
              "line": 30,
              "column": 30
            }
          },
          {
            "start": {
              "line": 30,
              "column": 34
            },
            "end": {
              "line": 30,
              "column": 85
            }
          }
        ],
        "line": 30
      },
      "3": {
        "loc": {
          "start": {
            "line": 34,
            "column": 10
          },
          "end": {
            "line": 38,
            "column": 11
          }
        },
        "type": "if",
        "locations": [
          {
            "start": {
              "line": 34,
              "column": 10
            },
            "end": {
              "line": 38,
              "column": 11
            }
          },
          {
            "start": {
              "line": 34,
              "column": 10
            },
            "end": {
              "line": 38,
              "column": 11
            }
          }
        ],
        "line": 34
      },
      "4": {
        "loc": {
          "start": {
            "line": 34,
            "column": 14
          },
          "end": {
            "line": 34,
            "column": 45
          }
        },
        "type": "binary-expr",
        "locations": [
          {
            "start": {
              "line": 34,
              "column": 14
            },
            "end": {
              "line": 34,
              "column": 22
            }
          },
          {
            "start": {
              "line": 34,
              "column": 26
            },
            "end": {
              "line": 34,
              "column": 45
            }
          }
        ],
        "line": 34
      }
    },
    "s": {
      "0": 3,
      "1": 0,
      "2": 0,
      "3": 0,
      "4": 0,
      "5": 0,
      "6": 0,
      "7": 0,
      "8": 0,
      "9": 0,
      "10": 0,
      "11": 0,
      "12": 0,
      "13": 0,
      "14": 0,
      "15": 0,
      "16": 0,
      "17": 0,
      "18": 0,
      "19": 0,
      "20": 0,
      "21": 0,
      "22": 0,
      "23": 0,
      "24": 0
    },
    "f": {
      "0": 0,
      "1": 0,
      "2": 0,
      "3": 0,
      "4": 0
    },
    "b": {
      "0": [
        0,
        0
      ],
      "1": [
        0,
        0
      ],
      "2": [
        0,
        0
      ],
      "3": [
        0,
        0
      ],
      "4": [
        0,
        0
      ]
    },
    "_coverageSchema": "1a1c01bbd47fc00a2c39e90264f33305004495a9",
    "hash": "92c1b0e97f840efe61ab42cd16f3ed96e6ca0401"
  },
  "E:\\idea-factory\\src\\hooks\\ExternalContractLoader.js": {
    "path": "E:\\idea-factory\\src\\hooks\\ExternalContractLoader.js",
    "statementMap": {
      "0": {
        "start": {
          "line": 11,
          "column": 34
        },
        "end": {
          "line": 11,
          "column": 44
        }
      },
      "1": {
        "start": {
          "line": 12,
          "column": 2
        },
        "end": {
          "line": 38,
          "column": 49
        }
      },
      "2": {
        "start": {
          "line": 14,
          "column": 6
        },
        "end": {
          "line": 35,
          "column": 7
        }
      },
      "3": {
        "start": {
          "line": 15,
          "column": 8
        },
        "end": {
          "line": 34,
          "column": 9
        }
      },
      "4": {
        "start": {
          "line": 18,
          "column": 27
        },
        "end": {
          "line": 18,
          "column": 56
        }
      },
      "5": {
        "start": {
          "line": 19,
          "column": 10
        },
        "end": {
          "line": 19,
          "column": 32
        }
      },
      "6": {
        "start": {
          "line": 20,
          "column": 10
        },
        "end": {
          "line": 25,
          "column": 11
        }
      },
      "7": {
        "start": {
          "line": 21,
          "column": 12
        },
        "end": {
          "line": 21,
          "column": 42
        }
      },
      "8": {
        "start": {
          "line": 24,
          "column": 12
        },
        "end": {
          "line": 24,
          "column": 30
        }
      },
      "9": {
        "start": {
          "line": 26,
          "column": 10
        },
        "end": {
          "line": 26,
          "column": 30
        }
      },
      "10": {
        "start": {
          "line": 27,
          "column": 10
        },
        "end": {
          "line": 27,
          "column": 31
        }
      },
      "11": {
        "start": {
          "line": 28,
          "column": 33
        },
        "end": {
          "line": 28,
          "column": 73
        }
      },
      "12": {
        "start": {
          "line": 29,
          "column": 10
        },
        "end": {
          "line": 29,
          "column": 73
        }
      },
      "13": {
        "start": {
          "line": 29,
          "column": 31
        },
        "end": {
          "line": 29,
          "column": 73
        }
      },
      "14": {
        "start": {
          "line": 31,
          "column": 10
        },
        "end": {
          "line": 31,
          "column": 38
        }
      },
      "15": {
        "start": {
          "line": 33,
          "column": 10
        },
        "end": {
          "line": 33,
          "column": 112
        }
      },
      "16": {
        "start": {
          "line": 37,
          "column": 4
        },
        "end": {
          "line": 37,
          "column": 19
        }
      },
      "17": {
        "start": {
          "line": 39,
          "column": 2
        },
        "end": {
          "line": 39,
          "column": 18
        }
      }
    },
    "fnMap": {
      "0": {
        "name": "useExternalContractLoader",
        "decl": {
          "start": {
            "line": 10,
            "column": 24
          },
          "end": {
            "line": 10,
            "column": 49
          }
        },
        "loc": {
          "start": {
            "line": 10,
            "column": 92
          },
          "end": {
            "line": 40,
            "column": 1
          }
        },
        "line": 10
      },
      "1": {
        "name": "(anonymous_1)",
        "decl": {
          "start": {
            "line": 12,
            "column": 12
          },
          "end": {
            "line": 12,
            "column": 13
          }
        },
        "loc": {
          "start": {
            "line": 12,
            "column": 18
          },
          "end": {
            "line": 38,
            "column": 3
          }
        },
        "line": 12
      },
      "2": {
        "name": "loadContract",
        "decl": {
          "start": {
            "line": 13,
            "column": 19
          },
          "end": {
            "line": 13,
            "column": 31
          }
        },
        "loc": {
          "start": {
            "line": 13,
            "column": 34
          },
          "end": {
            "line": 36,
            "column": 5
          }
        },
        "line": 13
      }
    },
    "branchMap": {
      "0": {
        "loc": {
          "start": {
            "line": 14,
            "column": 6
          },
          "end": {
            "line": 35,
            "column": 7
          }
        },
        "type": "if",
        "locations": [
          {
            "start": {
              "line": 14,
              "column": 6
            },
            "end": {
              "line": 35,
              "column": 7
            }
          },
          {
            "start": {
              "line": 14,
              "column": 6
            },
            "end": {
              "line": 35,
              "column": 7
            }
          }
        ],
        "line": 14
      },
      "1": {
        "loc": {
          "start": {
            "line": 14,
            "column": 10
          },
          "end": {
            "line": 14,
            "column": 59
          }
        },
        "type": "binary-expr",
        "locations": [
          {
            "start": {
              "line": 14,
              "column": 10
            },
            "end": {
              "line": 14,
              "column": 41
            }
          },
          {
            "start": {
              "line": 14,
              "column": 45
            },
            "end": {
              "line": 14,
              "column": 52
            }
          },
          {
            "start": {
              "line": 14,
              "column": 56
            },
            "end": {
              "line": 14,
              "column": 59
            }
          }
        ],
        "line": 14
      },
      "2": {
        "loc": {
          "start": {
            "line": 20,
            "column": 10
          },
          "end": {
            "line": 25,
            "column": 11
          }
        },
        "type": "if",
        "locations": [
          {
            "start": {
              "line": 20,
              "column": 10
            },
            "end": {
              "line": 25,
              "column": 11
            }
          },
          {
            "start": {
              "line": 20,
              "column": 10
            },
            "end": {
              "line": 25,
              "column": 11
            }
          }
        ],
        "line": 20
      },
      "3": {
        "loc": {
          "start": {
            "line": 20,
            "column": 14
          },
          "end": {
            "line": 20,
            "column": 45
          }
        },
        "type": "binary-expr",
        "locations": [
          {
            "start": {
              "line": 20,
              "column": 14
            },
            "end": {
              "line": 20,
              "column": 22
            }
          },
          {
            "start": {
              "line": 20,
              "column": 26
            },
            "end": {
              "line": 20,
              "column": 45
            }
          }
        ],
        "line": 20
      },
      "4": {
        "loc": {
          "start": {
            "line": 29,
            "column": 10
          },
          "end": {
            "line": 29,
            "column": 73
          }
        },
        "type": "if",
        "locations": [
          {
            "start": {
              "line": 29,
              "column": 10
            },
            "end": {
              "line": 29,
              "column": 73
            }
          },
          {
            "start": {
              "line": 29,
              "column": 10
            },
            "end": {
              "line": 29,
              "column": 73
            }
          }
        ],
        "line": 29
      }
    },
    "s": {
      "0": 20,
      "1": 20,
      "2": 3,
      "3": 0,
      "4": 0,
      "5": 0,
      "6": 0,
      "7": 0,
      "8": 0,
      "9": 0,
      "10": 0,
      "11": 0,
      "12": 0,
      "13": 0,
      "14": 0,
      "15": 0,
      "16": 3,
      "17": 20
    },
    "f": {
      "0": 20,
      "1": 3,
      "2": 3
    },
    "b": {
      "0": [
        0,
        3
      ],
      "1": [
        3,
        0,
        0
      ],
      "2": [
        0,
        0
      ],
      "3": [
        0,
        0
      ],
      "4": [
        0,
        0
      ]
    },
    "_coverageSchema": "1a1c01bbd47fc00a2c39e90264f33305004495a9",
    "hash": "bf3cea6f46378bae22c30af3963f3b821531c74c"
  },
  "E:\\idea-factory\\src\\hooks\\GasPrice.js": {
    "path": "E:\\idea-factory\\src\\hooks\\GasPrice.js",
    "statementMap": {
      "0": {
        "start": {
          "line": 6,
          "column": 34
        },
        "end": {
          "line": 6,
          "column": 44
        }
      },
      "1": {
        "start": {
          "line": 7,
          "column": 23
        },
        "end": {
          "line": 17,
          "column": 3
        }
      },
      "2": {
        "start": {
          "line": 8,
          "column": 4
        },
        "end": {
          "line": 16,
          "column": 42
        }
      },
      "3": {
        "start": {
          "line": 11,
          "column": 28
        },
        "end": {
          "line": 11,
          "column": 70
        }
      },
      "4": {
        "start": {
          "line": 12,
          "column": 8
        },
        "end": {
          "line": 14,
          "column": 9
        }
      },
      "5": {
        "start": {
          "line": 13,
          "column": 10
        },
        "end": {
          "line": 13,
          "column": 35
        }
      },
      "6": {
        "start": {
          "line": 16,
          "column": 22
        },
        "end": {
          "line": 16,
          "column": 40
        }
      },
      "7": {
        "start": {
          "line": 18,
          "column": 2
        },
        "end": {
          "line": 18,
          "column": 33
        }
      },
      "8": {
        "start": {
          "line": 19,
          "column": 2
        },
        "end": {
          "line": 19,
          "column": 18
        }
      }
    },
    "fnMap": {
      "0": {
        "name": "useGasPrice",
        "decl": {
          "start": {
            "line": 5,
            "column": 24
          },
          "end": {
            "line": 5,
            "column": 35
          }
        },
        "loc": {
          "start": {
            "line": 5,
            "column": 43
          },
          "end": {
            "line": 20,
            "column": 1
          }
        },
        "line": 5
      },
      "1": {
        "name": "(anonymous_1)",
        "decl": {
          "start": {
            "line": 7,
            "column": 23
          },
          "end": {
            "line": 7,
            "column": 24
          }
        },
        "loc": {
          "start": {
            "line": 7,
            "column": 35
          },
          "end": {
            "line": 17,
            "column": 3
          }
        },
        "line": 7
      },
      "2": {
        "name": "(anonymous_2)",
        "decl": {
          "start": {
            "line": 10,
            "column": 12
          },
          "end": {
            "line": 10,
            "column": 13
          }
        },
        "loc": {
          "start": {
            "line": 10,
            "column": 24
          },
          "end": {
            "line": 15,
            "column": 7
          }
        },
        "line": 10
      },
      "3": {
        "name": "(anonymous_3)",
        "decl": {
          "start": {
            "line": 16,
            "column": 13
          },
          "end": {
            "line": 16,
            "column": 14
          }
        },
        "loc": {
          "start": {
            "line": 16,
            "column": 22
          },
          "end": {
            "line": 16,
            "column": 40
          }
        },
        "line": 16
      }
    },
    "branchMap": {
      "0": {
        "loc": {
          "start": {
            "line": 11,
            "column": 42
          },
          "end": {
            "line": 11,
            "column": 57
          }
        },
        "type": "binary-expr",
        "locations": [
          {
            "start": {
              "line": 11,
              "column": 42
            },
            "end": {
              "line": 11,
              "column": 47
            }
          },
          {
            "start": {
              "line": 11,
              "column": 51
            },
            "end": {
              "line": 11,
              "column": 57
            }
          }
        ],
        "line": 11
      },
      "1": {
        "loc": {
          "start": {
            "line": 12,
            "column": 8
          },
          "end": {
            "line": 14,
            "column": 9
          }
        },
        "type": "if",
        "locations": [
          {
            "start": {
              "line": 12,
              "column": 8
            },
            "end": {
              "line": 14,
              "column": 9
            }
          },
          {
            "start": {
              "line": 12,
              "column": 8
            },
            "end": {
              "line": 14,
              "column": 9
            }
          }
        ],
        "line": 12
      }
    },
    "s": {
      "0": 0,
      "1": 0,
      "2": 0,
      "3": 0,
      "4": 0,
      "5": 0,
      "6": 0,
      "7": 0,
      "8": 0
    },
    "f": {
      "0": 0,
      "1": 0,
      "2": 0,
      "3": 0
    },
    "b": {
      "0": [
        0,
        0
      ],
      "1": [
        0,
        0
      ]
    },
    "_coverageSchema": "1a1c01bbd47fc00a2c39e90264f33305004495a9",
    "hash": "17cfb873545495e851a62931d093f34cca95e757"
  },
  "E:\\idea-factory\\src\\hooks\\UserProvider.js": {
    "path": "E:\\idea-factory\\src\\hooks\\UserProvider.js",
    "statementMap": {
      "0": {
        "start": {
          "line": 6,
          "column": 24
        },
        "end": {
          "line": 44,
          "column": 37
        }
      },
      "1": {
        "start": {
          "line": 7,
          "column": 0
        },
        "end": {
          "line": 44,
          "column": 37
        }
      },
      "2": {
        "start": {
          "line": 8,
          "column": 2
        },
        "end": {
          "line": 11,
          "column": 3
        }
      },
      "3": {
        "start": {
          "line": 9,
          "column": 4
        },
        "end": {
          "line": 9,
          "column": 46
        }
      },
      "4": {
        "start": {
          "line": 10,
          "column": 4
        },
        "end": {
          "line": 10,
          "column": 28
        }
      },
      "5": {
        "start": {
          "line": 12,
          "column": 2
        },
        "end": {
          "line": 12,
          "column": 39
        }
      },
      "6": {
        "start": {
          "line": 12,
          "column": 22
        },
        "end": {
          "line": 12,
          "column": 39
        }
      },
      "7": {
        "start": {
          "line": 14,
          "column": 21
        },
        "end": {
          "line": 14,
          "column": 23
        }
      },
      "8": {
        "start": {
          "line": 16,
          "column": 2
        },
        "end": {
          "line": 32,
          "column": 3
        }
      },
      "9": {
        "start": {
          "line": 17,
          "column": 4
        },
        "end": {
          "line": 31,
          "column": 5
        }
      },
      "10": {
        "start": {
          "line": 18,
          "column": 23
        },
        "end": {
          "line": 18,
          "column": 59
        }
      },
      "11": {
        "start": {
          "line": 20,
          "column": 6
        },
        "end": {
          "line": 30,
          "column": 7
        }
      },
      "12": {
        "start": {
          "line": 21,
          "column": 8
        },
        "end": {
          "line": 21,
          "column": 50
        }
      },
      "13": {
        "start": {
          "line": 22,
          "column": 8
        },
        "end": {
          "line": 22,
          "column": 24
        }
      },
      "14": {
        "start": {
          "line": 23,
          "column": 8
        },
        "end": {
          "line": 23,
          "column": 39
        }
      },
      "15": {
        "start": {
          "line": 24,
          "column": 8
        },
        "end": {
          "line": 24,
          "column": 45
        }
      },
      "16": {
        "start": {
          "line": 25,
          "column": 32
        },
        "end": {
          "line": 25,
          "column": 77
        }
      },
      "17": {
        "start": {
          "line": 26,
          "column": 8
        },
        "end": {
          "line": 28,
          "column": 9
        }
      },
      "18": {
        "start": {
          "line": 27,
          "column": 10
        },
        "end": {
          "line": 27,
          "column": 92
        }
      },
      "19": {
        "start": {
          "line": 29,
          "column": 8
        },
        "end": {
          "line": 29,
          "column": 60
        }
      },
      "20": {
        "start": {
          "line": 34,
          "column": 2
        },
        "end": {
          "line": 34,
          "column": 55
        }
      },
      "21": {
        "start": {
          "line": 35,
          "column": 2
        },
        "end": {
          "line": 43,
          "column": 3
        }
      },
      "22": {
        "start": {
          "line": 36,
          "column": 4
        },
        "end": {
          "line": 36,
          "column": 54
        }
      },
      "23": {
        "start": {
          "line": 37,
          "column": 4
        },
        "end": {
          "line": 37,
          "column": 62
        }
      },
      "24": {
        "start": {
          "line": 40,
          "column": 24
        },
        "end": {
          "line": 40,
          "column": 77
        }
      },
      "25": {
        "start": {
          "line": 41,
          "column": 4
        },
        "end": {
          "line": 41,
          "column": 89
        }
      },
      "26": {
        "start": {
          "line": 42,
          "column": 4
        },
        "end": {
          "line": 42,
          "column": 62
        }
      }
    },
    "fnMap": {
      "0": {
        "name": "(anonymous_0)",
        "decl": {
          "start": {
            "line": 6,
            "column": 24
          },
          "end": {
            "line": 6,
            "column": 25
          }
        },
        "loc": {
          "start": {
            "line": 7,
            "column": 0
          },
          "end": {
            "line": 44,
            "column": 37
          }
        },
        "line": 7
      },
      "1": {
        "name": "(anonymous_1)",
        "decl": {
          "start": {
            "line": 7,
            "column": 8
          },
          "end": {
            "line": 7,
            "column": 9
          }
        },
        "loc": {
          "start": {
            "line": 7,
            "column": 14
          },
          "end": {
            "line": 44,
            "column": 1
          }
        },
        "line": 7
      }
    },
    "branchMap": {
      "0": {
        "loc": {
          "start": {
            "line": 8,
            "column": 2
          },
          "end": {
            "line": 11,
            "column": 3
          }
        },
        "type": "if",
        "locations": [
          {
            "start": {
              "line": 8,
              "column": 2
            },
            "end": {
              "line": 11,
              "column": 3
            }
          },
          {
            "start": {
              "line": 8,
              "column": 2
            },
            "end": {
              "line": 11,
              "column": 3
            }
          }
        ],
        "line": 8
      },
      "1": {
        "loc": {
          "start": {
            "line": 12,
            "column": 2
          },
          "end": {
            "line": 12,
            "column": 39
          }
        },
        "type": "if",
        "locations": [
          {
            "start": {
              "line": 12,
              "column": 2
            },
            "end": {
              "line": 12,
              "column": 39
            }
          },
          {
            "start": {
              "line": 12,
              "column": 2
            },
            "end": {
              "line": 12,
              "column": 39
            }
          }
        ],
        "line": 12
      },
      "2": {
        "loc": {
          "start": {
            "line": 16,
            "column": 2
          },
          "end": {
            "line": 32,
            "column": 3
          }
        },
        "type": "if",
        "locations": [
          {
            "start": {
              "line": 16,
              "column": 2
            },
            "end": {
              "line": 32,
              "column": 3
            }
          },
          {
            "start": {
              "line": 16,
              "column": 2
            },
            "end": {
              "line": 32,
              "column": 3
            }
          }
        ],
        "line": 16
      },
      "3": {
        "loc": {
          "start": {
            "line": 17,
            "column": 4
          },
          "end": {
            "line": 31,
            "column": 5
          }
        },
        "type": "if",
        "locations": [
          {
            "start": {
              "line": 17,
              "column": 4
            },
            "end": {
              "line": 31,
              "column": 5
            }
          },
          {
            "start": {
              "line": 17,
              "column": 4
            },
            "end": {
              "line": 31,
              "column": 5
            }
          }
        ],
        "line": 17
      },
      "4": {
        "loc": {
          "start": {
            "line": 20,
            "column": 6
          },
          "end": {
            "line": 30,
            "column": 7
          }
        },
        "type": "if",
        "locations": [
          {
            "start": {
              "line": 20,
              "column": 6
            },
            "end": {
              "line": 30,
              "column": 7
            }
          },
          {
            "start": {
              "line": 20,
              "column": 6
            },
            "end": {
              "line": 30,
              "column": 7
            }
          }
        ],
        "line": 20
      },
      "5": {
        "loc": {
          "start": {
            "line": 20,
            "column": 9
          },
          "end": {
            "line": 20,
            "column": 55
          }
        },
        "type": "binary-expr",
        "locations": [
          {
            "start": {
              "line": 20,
              "column": 9
            },
            "end": {
              "line": 20,
              "column": 31
            }
          },
          {
            "start": {
              "line": 20,
              "column": 33
            },
            "end": {
              "line": 20,
              "column": 55
            }
          }
        ],
        "line": 20
      },
      "6": {
        "loc": {
          "start": {
            "line": 26,
            "column": 8
          },
          "end": {
            "line": 28,
            "column": 9
          }
        },
        "type": "if",
        "locations": [
          {
            "start": {
              "line": 26,
              "column": 8
            },
            "end": {
              "line": 28,
              "column": 9
            }
          },
          {
            "start": {
              "line": 26,
              "column": 8
            },
            "end": {
              "line": 28,
              "column": 9
            }
          }
        ],
        "line": 26
      },
      "7": {
        "loc": {
          "start": {
            "line": 26,
            "column": 11
          },
          "end": {
            "line": 26,
            "column": 57
          }
        },
        "type": "binary-expr",
        "locations": [
          {
            "start": {
              "line": 26,
              "column": 11
            },
            "end": {
              "line": 26,
              "column": 28
            }
          },
          {
            "start": {
              "line": 26,
              "column": 32
            },
            "end": {
              "line": 26,
              "column": 57
            }
          }
        ],
        "line": 26
      },
      "8": {
        "loc": {
          "start": {
            "line": 35,
            "column": 2
          },
          "end": {
            "line": 43,
            "column": 3
          }
        },
        "type": "if",
        "locations": [
          {
            "start": {
              "line": 35,
              "column": 2
            },
            "end": {
              "line": 43,
              "column": 3
            }
          },
          {
            "start": {
              "line": 35,
              "column": 2
            },
            "end": {
              "line": 43,
              "column": 3
            }
          }
        ],
        "line": 35
      },
      "9": {
        "loc": {
          "start": {
            "line": 35,
            "column": 6
          },
          "end": {
            "line": 35,
            "column": 62
          }
        },
        "type": "binary-expr",
        "locations": [
          {
            "start": {
              "line": 35,
              "column": 6
            },
            "end": {
              "line": 35,
              "column": 30
            }
          },
          {
            "start": {
              "line": 35,
              "column": 34
            },
            "end": {
              "line": 35,
              "column": 62
            }
          }
        ],
        "line": 35
      },
      "10": {
        "loc": {
          "start": {
            "line": 40,
            "column": 24
          },
          "end": {
            "line": 40,
            "column": 77
          }
        },
        "type": "binary-expr",
        "locations": [
          {
            "start": {
              "line": 40,
              "column": 24
            },
            "end": {
              "line": 40,
              "column": 46
            }
          },
          {
            "start": {
              "line": 40,
              "column": 50
            },
            "end": {
              "line": 40,
              "column": 77
            }
          }
        ],
        "line": 40
      },
      "11": {
        "loc": {
          "start": {
            "line": 41,
            "column": 37
          },
          "end": {
            "line": 41,
            "column": 61
          }
        },
        "type": "binary-expr",
        "locations": [
          {
            "start": {
              "line": 41,
              "column": 37
            },
            "end": {
              "line": 41,
              "column": 48
            }
          },
          {
            "start": {
              "line": 41,
              "column": 52
            },
            "end": {
              "line": 41,
              "column": 61
            }
          }
        ],
        "line": 41
      }
    },
    "s": {
      "0": 3,
      "1": 20,
      "2": 6,
      "3": 3,
      "4": 3,
      "5": 3,
      "6": 3,
      "7": 0,
      "8": 0,
      "9": 0,
      "10": 0,
      "11": 0,
      "12": 0,
      "13": 0,
      "14": 0,
      "15": 0,
      "16": 0,
      "17": 0,
      "18": 0,
      "19": 0,
      "20": 0,
      "21": 0,
      "22": 0,
      "23": 0,
      "24": 0,
      "25": 0,
      "26": 0
    },
    "f": {
      "0": 20,
      "1": 6
    },
    "b": {
      "0": [
        3,
        3
      ],
      "1": [
        3,
        0
      ],
      "2": [
        0,
        0
      ],
      "3": [
        0,
        0
      ],
      "4": [
        0,
        0
      ],
      "5": [
        0,
        0
      ],
      "6": [
        0,
        0
      ],
      "7": [
        0,
        0
      ],
      "8": [
        0,
        0
      ],
      "9": [
        0,
        0
      ],
      "10": [
        0,
        0
      ],
      "11": [
        0,
        0
      ]
    },
    "_coverageSchema": "1a1c01bbd47fc00a2c39e90264f33305004495a9",
    "hash": "4cb03e0a4740051a72799e353d2953d28eeb4820"
  },
  "E:\\idea-factory\\src\\hooks\\Poller.js": {
    "path": "E:\\idea-factory\\src\\hooks\\Poller.js",
    "statementMap": {
      "0": {
        "start": {
          "line": 4,
          "column": 24
        },
        "end": {
          "line": 4,
          "column": 32
        }
      },
      "1": {
        "start": {
          "line": 6,
          "column": 2
        },
        "end": {
          "line": 8,
          "column": 11
        }
      },
      "2": {
        "start": {
          "line": 7,
          "column": 4
        },
        "end": {
          "line": 7,
          "column": 31
        }
      },
      "3": {
        "start": {
          "line": 11,
          "column": 2
        },
        "end": {
          "line": 20,
          "column": 14
        }
      },
      "4": {
        "start": {
          "line": 12,
          "column": 4
        },
        "end": {
          "line": 12,
          "column": 23
        }
      },
      "5": {
        "start": {
          "line": 14,
          "column": 6
        },
        "end": {
          "line": 14,
          "column": 30
        }
      },
      "6": {
        "start": {
          "line": 16,
          "column": 4
        },
        "end": {
          "line": 19,
          "column": 5
        }
      },
      "7": {
        "start": {
          "line": 17,
          "column": 17
        },
        "end": {
          "line": 17,
          "column": 41
        }
      },
      "8": {
        "start": {
          "line": 18,
          "column": 6
        },
        "end": {
          "line": 18,
          "column": 37
        }
      },
      "9": {
        "start": {
          "line": 18,
          "column": 19
        },
        "end": {
          "line": 18,
          "column": 36
        }
      },
      "10": {
        "start": {
          "line": 22,
          "column": 2
        },
        "end": {
          "line": 24,
          "column": 20
        }
      },
      "11": {
        "start": {
          "line": 23,
          "column": 4
        },
        "end": {
          "line": 23,
          "column": 9
        }
      }
    },
    "fnMap": {
      "0": {
        "name": "usePoller",
        "decl": {
          "start": {
            "line": 3,
            "column": 24
          },
          "end": {
            "line": 3,
            "column": 33
          }
        },
        "loc": {
          "start": {
            "line": 3,
            "column": 57
          },
          "end": {
            "line": 25,
            "column": 1
          }
        },
        "line": 3
      },
      "1": {
        "name": "(anonymous_1)",
        "decl": {
          "start": {
            "line": 6,
            "column": 12
          },
          "end": {
            "line": 6,
            "column": 13
          }
        },
        "loc": {
          "start": {
            "line": 6,
            "column": 18
          },
          "end": {
            "line": 8,
            "column": 3
          }
        },
        "line": 6
      },
      "2": {
        "name": "(anonymous_2)",
        "decl": {
          "start": {
            "line": 11,
            "column": 12
          },
          "end": {
            "line": 11,
            "column": 13
          }
        },
        "loc": {
          "start": {
            "line": 11,
            "column": 18
          },
          "end": {
            "line": 20,
            "column": 3
          }
        },
        "line": 11
      },
      "3": {
        "name": "tick",
        "decl": {
          "start": {
            "line": 13,
            "column": 13
          },
          "end": {
            "line": 13,
            "column": 17
          }
        },
        "loc": {
          "start": {
            "line": 13,
            "column": 20
          },
          "end": {
            "line": 15,
            "column": 5
          }
        },
        "line": 13
      },
      "4": {
        "name": "(anonymous_4)",
        "decl": {
          "start": {
            "line": 18,
            "column": 13
          },
          "end": {
            "line": 18,
            "column": 14
          }
        },
        "loc": {
          "start": {
            "line": 18,
            "column": 19
          },
          "end": {
            "line": 18,
            "column": 36
          }
        },
        "line": 18
      },
      "5": {
        "name": "(anonymous_5)",
        "decl": {
          "start": {
            "line": 22,
            "column": 12
          },
          "end": {
            "line": 22,
            "column": 13
          }
        },
        "loc": {
          "start": {
            "line": 22,
            "column": 18
          },
          "end": {
            "line": 24,
            "column": 3
          }
        },
        "line": 22
      }
    },
    "branchMap": {
      "0": {
        "loc": {
          "start": {
            "line": 16,
            "column": 4
          },
          "end": {
            "line": 19,
            "column": 5
          }
        },
        "type": "if",
        "locations": [
          {
            "start": {
              "line": 16,
              "column": 4
            },
            "end": {
              "line": 19,
              "column": 5
            }
          },
          {
            "start": {
              "line": 16,
              "column": 4
            },
            "end": {
              "line": 19,
              "column": 5
            }
          }
        ],
        "line": 16
      }
    },
    "s": {
      "0": 0,
      "1": 0,
      "2": 0,
      "3": 0,
      "4": 0,
      "5": 0,
      "6": 0,
      "7": 0,
      "8": 0,
      "9": 0,
      "10": 0,
      "11": 0
    },
    "f": {
      "0": 0,
      "1": 0,
      "2": 0,
      "3": 0,
      "4": 0,
      "5": 0
    },
    "b": {
      "0": [
        0,
        0
      ]
    },
    "_coverageSchema": "1a1c01bbd47fc00a2c39e90264f33305004495a9",
    "hash": "049a7caa8e8e4f5ad0f34b86ba8da0f64fc546a2"
  },
  "E:\\idea-factory\\src\\hooks\\Balance.js": {
    "path": "E:\\idea-factory\\src\\hooks\\Balance.js",
    "statementMap": {
      "0": {
        "start": {
          "line": 5,
          "column": 30
        },
        "end": {
          "line": 5,
          "column": 40
        }
      },
      "1": {
        "start": {
          "line": 6,
          "column": 20
        },
        "end": {
          "line": 14,
          "column": 1
        }
      },
      "2": {
        "start": {
          "line": 7,
          "column": 2
        },
        "end": {
          "line": 13,
          "column": 3
        }
      },
      "3": {
        "start": {
          "line": 8,
          "column": 23
        },
        "end": {
          "line": 8,
          "column": 57
        }
      },
      "4": {
        "start": {
          "line": 9,
          "column": 4
        },
        "end": {
          "line": 12,
          "column": 5
        }
      },
      "5": {
        "start": {
          "line": 11,
          "column": 6
        },
        "end": {
          "line": 11,
          "column": 29
        }
      },
      "6": {
        "start": {
          "line": 15,
          "column": 0
        },
        "end": {
          "line": 15,
          "column": 52
        }
      },
      "7": {
        "start": {
          "line": 17,
          "column": 0
        },
        "end": {
          "line": 17,
          "column": 15
        }
      }
    },
    "fnMap": {
      "0": {
        "name": "useBalance",
        "decl": {
          "start": {
            "line": 4,
            "column": 24
          },
          "end": {
            "line": 4,
            "column": 34
          }
        },
        "loc": {
          "start": {
            "line": 4,
            "column": 64
          },
          "end": {
            "line": 18,
            "column": 1
          }
        },
        "line": 4
      },
      "1": {
        "name": "(anonymous_1)",
        "decl": {
          "start": {
            "line": 6,
            "column": 20
          },
          "end": {
            "line": 6,
            "column": 21
          }
        },
        "loc": {
          "start": {
            "line": 6,
            "column": 32
          },
          "end": {
            "line": 14,
            "column": 1
          }
        },
        "line": 6
      }
    },
    "branchMap": {
      "0": {
        "loc": {
          "start": {
            "line": 7,
            "column": 2
          },
          "end": {
            "line": 13,
            "column": 3
          }
        },
        "type": "if",
        "locations": [
          {
            "start": {
              "line": 7,
              "column": 2
            },
            "end": {
              "line": 13,
              "column": 3
            }
          },
          {
            "start": {
              "line": 7,
              "column": 2
            },
            "end": {
              "line": 13,
              "column": 3
            }
          }
        ],
        "line": 7
      },
      "1": {
        "loc": {
          "start": {
            "line": 7,
            "column": 6
          },
          "end": {
            "line": 7,
            "column": 25
          }
        },
        "type": "binary-expr",
        "locations": [
          {
            "start": {
              "line": 7,
              "column": 6
            },
            "end": {
              "line": 7,
              "column": 13
            }
          },
          {
            "start": {
              "line": 7,
              "column": 17
            },
            "end": {
              "line": 7,
              "column": 25
            }
          }
        ],
        "line": 7
      },
      "2": {
        "loc": {
          "start": {
            "line": 9,
            "column": 4
          },
          "end": {
            "line": 12,
            "column": 5
          }
        },
        "type": "if",
        "locations": [
          {
            "start": {
              "line": 9,
              "column": 4
            },
            "end": {
              "line": 12,
              "column": 5
            }
          },
          {
            "start": {
              "line": 9,
              "column": 4
            },
            "end": {
              "line": 12,
              "column": 5
            }
          }
        ],
        "line": 9
      },
      "3": {
        "loc": {
          "start": {
            "line": 15,
            "column": 30
          },
          "end": {
            "line": 15,
            "column": 49
          }
        },
        "type": "binary-expr",
        "locations": [
          {
            "start": {
              "line": 15,
              "column": 30
            },
            "end": {
              "line": 15,
              "column": 37
            }
          },
          {
            "start": {
              "line": 15,
              "column": 41
            },
            "end": {
              "line": 15,
              "column": 49
            }
          }
        ],
        "line": 15
      }
    },
    "s": {
      "0": 0,
      "1": 0,
      "2": 0,
      "3": 0,
      "4": 0,
      "5": 0,
      "6": 0,
      "7": 0
    },
    "f": {
      "0": 0,
      "1": 0
    },
    "b": {
      "0": [
        0,
        0
      ],
      "1": [
        0,
        0
      ],
      "2": [
        0,
        0
      ],
      "3": [
        0,
        0
      ]
    },
    "_coverageSchema": "1a1c01bbd47fc00a2c39e90264f33305004495a9",
    "hash": "ee4c99e4bc549cc08f8a4842a6affc2d36ce9176"
  },
  "E:\\idea-factory\\src\\hooks\\EventListener.js": {
    "path": "E:\\idea-factory\\src\\hooks\\EventListener.js",
    "statementMap": {
      "0": {
        "start": {
          "line": 4,
          "column": 32
        },
        "end": {
          "line": 4,
          "column": 44
        }
      },
      "1": {
        "start": {
          "line": 6,
          "column": 2
        },
        "end": {
          "line": 27,
          "column": 65
        }
      },
      "2": {
        "start": {
          "line": 7,
          "column": 4
        },
        "end": {
          "line": 10,
          "column": 5
        }
      },
      "3": {
        "start": {
          "line": 9,
          "column": 6
        },
        "end": {
          "line": 9,
          "column": 44
        }
      },
      "4": {
        "start": {
          "line": 11,
          "column": 4
        },
        "end": {
          "line": 26,
          "column": 5
        }
      },
      "5": {
        "start": {
          "line": 12,
          "column": 6
        },
        "end": {
          "line": 25,
          "column": 7
        }
      },
      "6": {
        "start": {
          "line": 13,
          "column": 8
        },
        "end": {
          "line": 18,
          "column": 11
        }
      },
      "7": {
        "start": {
          "line": 14,
          "column": 28
        },
        "end": {
          "line": 14,
          "column": 59
        }
      },
      "8": {
        "start": {
          "line": 15,
          "column": 10
        },
        "end": {
          "line": 15,
          "column": 41
        }
      },
      "9": {
        "start": {
          "line": 16,
          "column": 10
        },
        "end": {
          "line": 16,
          "column": 68
        }
      },
      "10": {
        "start": {
          "line": 17,
          "column": 10
        },
        "end": {
          "line": 17,
          "column": 94
        }
      },
      "11": {
        "start": {
          "line": 17,
          "column": 33
        },
        "end": {
          "line": 17,
          "column": 92
        }
      },
      "12": {
        "start": {
          "line": 19,
          "column": 8
        },
        "end": {
          "line": 21,
          "column": 10
        }
      },
      "13": {
        "start": {
          "line": 20,
          "column": 10
        },
        "end": {
          "line": 20,
[...]
              "line": 55,
              "column": 33
            }
          },
          {
            "start": {
              "line": 56,
              "column": 20
            },
            "end": {
              "line": 94,
              "column": 22
            }
          }
        ],
        "line": 55
      },
      "3": {
        "loc": {
          "start": {
            "line": 80,
            "column": 37
          },
          "end": {
            "line": 88,
            "column": 43
          }
        },
        "type": "binary-expr",
        "locations": [
          {
            "start": {
              "line": 80,
              "column": 37
            },
            "end": {
              "line": 80,
              "column": 50
            }
          },
          {
            "start": {
              "line": 81,
              "column": 37
            },
            "end": {
              "line": 88,
              "column": 43
            }
          }
        ],
        "line": 80
      },
      "4": {
        "loc": {
          "start": {
            "line": 97,
            "column": 20
          },
          "end": {
            "line": 148,
            "column": 26
          }
        },
        "type": "binary-expr",
        "locations": [
          {
            "start": {
              "line": 97,
              "column": 20
            },
            "end": {
              "line": 97,
              "column": 40
            }
          },
          {
            "start": {
              "line": 98,
              "column": 24
            },
            "end": {
              "line": 148,
              "column": 26
            }
          }
        ],
        "line": 97
      },
      "5": {
        "loc": {
          "start": {
            "line": 135,
            "column": 37
          },
          "end": {
            "line": 143,
            "column": 43
          }
        },
        "type": "binary-expr",
        "locations": [
          {
            "start": {
              "line": 135,
              "column": 37
            },
            "end": {
              "line": 135,
              "column": 50
            }
          },
          {
            "start": {
              "line": 136,
              "column": 37
            },
            "end": {
              "line": 143,
              "column": 43
            }
          }
        ],
        "line": 135
      }
    },
    "s": {
      "0": 3,
      "1": 3,
      "2": 3,
      "3": 30,
      "4": 30,
      "5": 60,
      "6": 30
    },
    "f": {
      "0": 3,
      "1": 30,
      "2": 60,
      "3": 30
    },
    "b": {
      "0": [
        30
      ],
      "1": [
        30,
        30
      ],
      "2": [
        30,
        20
      ],
      "3": [
        60,
        60
      ],
      "4": [
        30,
        10
      ],
      "5": [
        30,
        30
      ]
    },
    "_coverageSchema": "1a1c01bbd47fc00a2c39e90264f33305004495a9",
    "hash": "0f8bd7ee4eae847f50284ec6572b9375a52f1889"
  },
  "E:\\idea-factory\\src\\components\\CircularProgressWithLabel.jsx": {
    "path": "E:\\idea-factory\\src\\components\\CircularProgressWithLabel.jsx",
    "statementMap": {
      "0": {
        "start": {
          "line": 9,
          "column": 4
        },
        "end": {
          "line": 27,
          "column": 6
        }
      },
      "1": {
        "start": {
          "line": 30,
          "column": 2
        },
        "end": {
          "line": 36,
          "column": 4
        }
      }
    },
    "fnMap": {
      "0": {
        "name": "CircularProgressWithLabel",
        "decl": {
          "start": {
            "line": 8,
            "column": 9
          },
          "end": {
            "line": 8,
            "column": 34
          }
        },
        "loc": {
          "start": {
            "line": 8,
            "column": 42
          },
          "end": {
            "line": 28,
            "column": 3
          }
        },
        "line": 8
      }
    },
    "branchMap": {},
    "s": {
      "0": 30,
      "1": 3
    },
    "f": {
      "0": 30
    },
    "b": {},
    "_coverageSchema": "1a1c01bbd47fc00a2c39e90264f33305004495a9",
    "hash": "de695c13e5d69d9cbbd57e38f8ade53b54a8d94f"
  },
  "E:\\idea-factory\\src\\components\\index.js": {
    "path": "E:\\idea-factory\\src\\components\\index.js",
    "statementMap": {},
    "fnMap": {},
    "branchMap": {},
    "s": {},
    "f": {},
    "b": {},
    "_coverageSchema": "1a1c01bbd47fc00a2c39e90264f33305004495a9",
    "hash": "acecf7404cc6e4b145d804455e4206629e2f0489"
  },
  "E:\\idea-factory\\src\\App.jsx": {
    "path": "E:\\idea-factory\\src\\App.jsx",
    "statementMap": {
      "0": {
        "start": {
          "line": 29,
          "column": 21
        },
        "end": {
          "line": 29,
          "column": 38
        }
      },
      "1": {
        "start": {
          "line": 30,
          "column": 16
        },
        "end": {
          "line": 30,
          "column": 34
        }
      },
      "2": {
        "start": {
          "line": 31,
          "column": 22
        },
        "end": {
          "line": 31,
          "column": 46
        }
      },
      "3": {
        "start": {
          "line": 32,
          "column": 23
        },
        "end": {
          "line": 32,
          "column": 48
        }
      },
      "4": {
        "start": {
          "line": 33,
          "column": 21
        },
        "end": {
          "line": 33,
          "column": 38
        }
      },
      "5": {
        "start": {
          "line": 34,
          "column": 23
        },
        "end": {
          "line": 34,
          "column": 48
        }
      },
      "6": {
        "start": {
          "line": 35,
          "column": 20
        },
        "end": {
          "line": 35,
          "column": 42
        }
      },
      "7": {
        "start": {
          "line": 38,
          "column": 14
        },
        "end": {
          "line": 38,
          "column": 18
        }
      },
      "8": {
        "start": {
          "line": 40,
          "column": 14
        },
        "end": {
          "line": 40,
          "column": 55
        }
      },
      "9": {
        "start": {
          "line": 40,
          "column": 31
        },
        "end": {
          "line": 40,
          "column": 54
        }
      },
      "10": {
        "start": {
          "line": 41,
          "column": 18
        },
        "end": {
          "line": 41,
          "column": 63
        }
      },
      "11": {
        "start": {
          "line": 41,
          "column": 35
        },
        "end": {
          "line": 41,
          "column": 62
        }
      },
      "12": {
        "start": {
          "line": 42,
          "column": 14
        },
        "end": {
          "line": 42,
          "column": 56
        }
      },
      "13": {
        "start": {
          "line": 42,
          "column": 31
        },
        "end": {
          "line": 42,
          "column": 55
        }
      },
      "14": {
        "start": {
          "line": 43,
          "column": 13
        },
        "end": {
          "line": 43,
          "column": 54
        }
      },
      "15": {
        "start": {
          "line": 43,
          "column": 30
        },
        "end": {
          "line": 43,
          "column": 53
        }
      },
      "16": {
        "start": {
          "line": 59,
          "column": 20
        },
        "end": {
          "line": 59,
          "column": 40
        }
      },
      "17": {
        "start": {
          "line": 60,
          "column": 20
        },
        "end": {
          "line": 60,
          "column": 40
        }
      },
      "18": {
        "start": {
          "line": 61,
          "column": 17
        },
        "end": {
          "line": 61,
          "column": 28
        }
      },
      "19": {
        "start": {
          "line": 63,
          "column": 2
        },
        "end": {
          "line": 70,
          "column": 9
        }
      },
      "20": {
        "start": {
          "line": 66,
          "column": 4
        },
        "end": {
          "line": 66,
          "column": 20
        }
      },
      "21": {
        "start": {
          "line": 67,
          "column": 4
        },
        "end": {
          "line": 67,
          "column": 20
        }
      },
      "22": {
        "start": {
          "line": 72,
          "column": 2
        },
        "end": {
          "line": 74,
          "column": 21
        }
      },
      "23": {
        "start": {
          "line": 73,
          "column": 4
        },
        "end": {
          "line": 73,
          "column": 70
        }
      },
      "24": {
        "start": {
          "line": 77,
          "column": 23
        },
        "end": {
          "line": 77,
          "column": 58
        }
      },
      "25": {
        "start": {
          "line": 80,
          "column": 13
        },
        "end": {
          "line": 80,
          "column": 57
        }
      },
      "26": {
        "start": {
          "line": 83,
          "column": 28
        },
        "end": {
          "line": 83,
          "column": 38
        }
      },
      "27": {
        "start": {
          "line": 84,
          "column": 2
        },
        "end": {
          "line": 86,
          "column": 17
        }
      },
      "28": {
        "start": {
          "line": 85,
          "column": 4
        },
        "end": {
          "line": 85,
          "column": 38
        }
      },
      "29": {
        "start": {
          "line": 88,
          "column": 2
        },
        "end": {
          "line": 174,
          "column": 4
        }
      }
    },
    "fnMap": {
      "0": {
        "name": "(anonymous_0)",
        "decl": {
          "start": {
            "line": 40,
            "column": 25
          },
          "end": {
            "line": 40,
            "column": 26
          }
        },
        "loc": {
          "start": {
            "line": 40,
            "column": 31
          },
          "end": {
            "line": 40,
            "column": 54
          }
        },
        "line": 40
      },
      "1": {
        "name": "(anonymous_1)",
        "decl": {
          "start": {
            "line": 41,
            "column": 29
          },
          "end": {
            "line": 41,
            "column": 30
          }
        },
        "loc": {
          "start": {
            "line": 41,
            "column": 35
          },
          "end": {
            "line": 41,
            "column": 62
          }
        },
        "line": 41
      },
      "2": {
        "name": "(anonymous_2)",
        "decl": {
          "start": {
            "line": 42,
            "column": 25
          },
          "end": {
            "line": 42,
            "column": 26
          }
        },
        "loc": {
          "start": {
            "line": 42,
            "column": 31
          },
          "end": {
            "line": 42,
            "column": 55
          }
        },
        "line": 42
      },
      "3": {
        "name": "(anonymous_3)",
        "decl": {
          "start": {
            "line": 43,
            "column": 24
          },
          "end": {
            "line": 43,
            "column": 25
          }
        },
        "loc": {
          "start": {
            "line": 43,
            "column": 30
          },
          "end": {
            "line": 43,
            "column": 53
          }
        },
        "line": 43
      },
      "4": {
        "name": "App",
        "decl": {
          "start": {
            "line": 58,
            "column": 9
          },
          "end": {
            "line": 58,
            "column": 12
          }
        },
        "loc": {
          "start": {
            "line": 58,
            "column": 20
          },
          "end": {
            "line": 175,
            "column": 1
          }
        },
        "line": 58
      },
      "5": {
        "name": "(anonymous_5)",
        "decl": {
          "start": {
            "line": 63,
            "column": 12
          },
          "end": {
            "line": 63,
            "column": 13
          }
        },
        "loc": {
          "start": {
            "line": 63,
            "column": 18
          },
          "end": {
            "line": 70,
            "column": 3
          }
        },
        "line": 63
      },
      "6": {
        "name": "(anonymous_6)",
        "decl": {
          "start": {
            "line": 72,
            "column": 12
          },
          "end": {
            "line": 72,
            "column": 13
          }
        },
        "loc": {
          "start": {
            "line": 72,
            "column": 18
          },
          "end": {
            "line": 74,
            "column": 3
          }
        },
        "line": 72
      },
      "7": {
        "name": "(anonymous_7)",
        "decl": {
          "start": {
            "line": 84,
            "column": 12
          },
          "end": {
            "line": 84,
            "column": 13
          }
        },
        "loc": {
          "start": {
            "line": 84,
            "column": 18
          },
          "end": {
            "line": 86,
            "column": 3
          }
        },
        "line": 84
      }
    },
    "branchMap": {
      "0": {
        "loc": {
          "start": {
            "line": 122,
            "column": 18
          },
          "end": {
            "line": 129,
            "column": 20
          }
        },
        "type": "binary-expr",
        "locations": [
          {
            "start": {
              "line": 122,
              "column": 18
            },
            "end": {
              "line": 122,
              "column": 43
            }
          },
          {
            "start": {
              "line": 123,
              "column": 18
            },
            "end": {
              "line": 129,
              "column": 20
            }
          }
        ],
        "line": 122
      },
      "1": {
        "loc": {
          "start": {
            "line": 133,
            "column": 16
          },
          "end": {
            "line": 140,
            "column": 18
          }
        },
        "type": "binary-expr",
        "locations": [
          {
            "start": {
              "line": 133,
              "column": 16
            },
            "end": {
              "line": 133,
              "column": 41
            }
          },
          {
            "start": {
              "line": 133,
              "column": 45
            },
            "end": {
              "line": 133,
              "column": 66
            }
          },
          {
            "start": {
              "line": 134,
              "column": 16
            },
            "end": {
              "line": 140,
              "column": 18
            }
          }
        ],
        "line": 133
      },
      "2": {
        "loc": {
          "start": {
            "line": 144,
            "column": 16
          },
          "end": {
            "line": 152,
            "column": 18
          }
        },
        "type": "binary-expr",
        "locations": [
          {
            "start": {
              "line": 144,
              "column": 16
            },
            "end": {
              "line": 144,
              "column": 41
            }
          },
          {
            "start": {
              "line": 144,
              "column": 45
            },
            "end": {
              "line": 144,
              "column": 66
            }
          },
          {
            "start": {
              "line": 145,
              "column": 16
            },
            "end": {
              "line": 152,
              "column": 18
            }
          }
        ],
        "line": 144
      }
    },
    "s": {
      "0": 3,
      "1": 3,
      "2": 3,
      "3": 3,
      "4": 3,
      "5": 3,
      "6": 3,
      "7": 3,
      "8": 3,
      "9": 0,
      "10": 3,
      "11": 0,
      "12": 3,
      "13": 0,
      "14": 3,
      "15": 3,
      "16": 23,
      "17": 20,
      "18": 20,
      "19": 20,
      "20": 3,
      "21": 3,
      "22": 20,
      "23": 3,
      "24": 20,
      "25": 20,
      "26": 20,
      "27": 20,
      "28": 3,
      "29": 20
    },
    "f": {
      "0": 0,
      "1": 0,
      "2": 0,
      "3": 3,
      "4": 23,
      "5": 3,
      "6": 3,
      "7": 3
    },
    "b": {
      "0": [
        20,
        3
      ],
      "1": [
        20,
        3,
        2
      ],
      "2": [
        20,
        3,
        2
      ]
    },
    "_coverageSchema": "1a1c01bbd47fc00a2c39e90264f33305004495a9",
    "hash": "588f326a5f2fc3a364e3a7ada260d415df5e34a8"
  },
  "E:\\idea-factory\\src\\index.jsx": {
    "path": "E:\\idea-factory\\src\\index.jsx",
    "statementMap": {
      "0": {
        "start": {
          "line": 14,
          "column": 27
        },
        "end": {
          "line": 14,
          "column": 50
        }
      },
      "1": {
        "start": {
          "line": 16,
          "column": 0
        },
        "end": {
          "line": 25,
          "column": 2
        }
      }
    },
    "fnMap": {},
    "branchMap": {},
    "s": {
      "0": 3,
      "1": 3
    },
    "f": {},
    "b": {},
    "_coverageSchema": "1a1c01bbd47fc00a2c39e90264f33305004495a9",
    "hash": "6be6b3b5c138edda3e9f63e2267615f08074ee23"
  },
  "E:\\idea-factory\\src\\views\\Home.jsx": {
    "path": "E:\\idea-factory\\src\\views\\Home.jsx",
    "statementMap": {
      "0": {
        "start": {
          "line": 8,
          "column": 18
        },
        "end": {
          "line": 23,
          "column": 5
        }
      },
      "1": {
        "start": {
          "line": 8,
          "column": 35
        },
        "end": {
          "line": 23,
          "column": 3
        }
      },
      "2": {
        "start": {
          "line": 37,
          "column": 20
        },
        "end": {
          "line": 37,
          "column": 31
        }
      },
      "3": {
        "start": {
          "line": 39,
          "column": 17
        },
        "end": {
          "line": 48,
          "column": 6
        }
      },
      "4": {
        "start": {
          "line": 50,
          "column": 18
        },
        "end": {
          "line": 59,
          "column": 6
        }
      },
      "5": {
        "start": {
          "line": 60,
          "column": 4
        },
        "end": {
          "line": 104,
          "column": 5
        }
      }
    },
    "fnMap": {
      "0": {
        "name": "(anonymous_0)",
        "decl": {
          "start": {
            "line": 8,
            "column": 29
          },
          "end": {
            "line": 8,
            "column": 30
          }
        },
        "loc": {
          "start": {
            "line": 8,
            "column": 35
          },
          "end": {
            "line": 23,
            "column": 3
          }
        },
        "line": 8
      },
      "1": {
        "name": "Home",
        "decl": {
          "start": {
            "line": 36,
            "column": 24
          },
          "end": {
            "line": 36,
            "column": 28
          }
        },
        "loc": {
          "start": {
            "line": 36,
            "column": 31
          },
          "end": {
            "line": 106,
            "column": 1
          }
        },
        "line": 36
      }
    },
    "branchMap": {},
    "s": {
      "0": 3,
      "1": 3,
      "2": 13,
      "3": 10,
      "4": 10,
      "5": 10
    },
    "f": {
      "0": 3,
      "1": 13
    },
    "b": {},
    "_coverageSchema": "1a1c01bbd47fc00a2c39e90264f33305004495a9",
    "hash": "5e1a693cfdd7a839a080b028fc4b125e925892d0"
  }
}